[0712/211300:ERROR:process_info.cc(330)] VirtualQueryEx: Access is denied. (0x5)
[0712/211300:ERROR:process_info.cc(547)] ReadMemoryInfo failed
[0712/211300:ERROR:process_info.cc(608)] range at 0x771cab40, size 0x24 fully unreadable
[0712/211300:ERROR:process_info.cc(608)] range at 0x770cbc84, size 0x12 fully unreadable
[0712/211300:ERROR:process_info.cc(608)] range at 0x770cbc84, size 0x12 fully unreadable
[0712/211300:ERROR:process_info.cc(608)] range at 0x770cbc84, size 0x12 fully unreadable
[0712/211300:ERROR:process_info.cc(608)] range at 0x771c84b8, size 0x18 fully unreadable
[0712/211300:ERROR:process_info.cc(608)] range at 0x771c883c, size 0x20 fully unreadable
[0712/211300:ERROR:process_reader_win.cc(141)] SuspendThread: Access is denied. (0x5)
[0712/211300:ERROR:exception_snapshot_win.cc(57)] thread ID 7156 not found in process
[0712/211300:WARNING:crash_report_exception_handler.cc(60)] ProcessSnapshotWin::InitializeException failed
[0712/211300:ERROR:scoped_process_suspend.cc(38)] NtResumeProcess, ntstatus=-1073741558
[0712/212031:ERROR:process_info.cc(330)] VirtualQueryEx: Access is denied. (0x5)
[0712/212031:ERROR:process_info.cc(547)] ReadMemoryInfo failed
[0712/212031:ERROR:process_info.cc(608)] range at 0x771cab40, size 0x24 fully unreadable
[0712/212031:ERROR:process_info.cc(608)] range at 0x770cbc84, size 0x12 fully unreadable
[0712/212031:ERROR:process_info.cc(608)] range at 0x770cbc84, size 0x12 fully unreadable
[0712/212031:ERROR:process_reader_win.cc(232)] ReadMemory at 0x107fc70 of 72 bytes failed: Only part of a ReadProcessMemory or WriteProcessMemory request was completed. (0x12B)
[0712/212031:ERROR:process_reader_win.cc(232)] ReadMemory at 0x10746c0 of 72 bytes failed: Only part of a ReadProcessMemory or WriteProcessMemory request was completed. (0x12B)
[0712/212031:ERROR:process_reader_win.cc(232)] ReadMemory at 0x1071670 of 784 bytes failed: Only part of a ReadProcessMemory or WriteProcessMemory request was completed. (0x12B)
[0712/212031:ERROR:process_snapshot_win.cc(380)] ReadMemory RTL_USER_PROCESS_PARAMETERS
[0712/212031:ERROR:process_reader_win.cc(232)] ReadMemory at 0x11b0000 of 64 bytes failed: Only part of a ReadProcessMemory or WriteProcessMemory request was completed. (0x12B)
[0712/212031:WARNING:pe_image_reader.cc(280)] could not read dos header from C:\Program Files (x86)\Google\Chrome\Application\chrome.exe
[0712/212031:ERROR:process_reader_win.cc(232)] ReadMemory at 0x770c0000 of 64 bytes failed: Only part of a ReadProcessMemory or WriteProcessMemory request was completed. (0x12B)
[0712/212031:WARNING:pe_image_reader.cc(280)] could not read dos header from C:\Windows\SYSTEM32\ntdll.dll
[0712/212031:ERROR:process_reader_win.cc(232)] ReadMemory at 0x76290000 of 64 bytes failed: Only part of a ReadProcessMemory or WriteProcessMemory request was completed. (0x12B)
[0712/212031:WARNING:pe_image_reader.cc(280)] could not read dos header from C:\Windows\SYSTEM32\KERNELBASE.dll
[0712/212031:ERROR:process_reader_win.cc(232)] ReadMemory at 0x74630000 of 64 bytes failed: Only part of a ReadProcessMemory or WriteProcessMemory request was completed. (0x12B)
[0712/212031:WARNING:pe_image_reader.cc(280)] could not read dos header from C:\Windows\SYSTEM32\KERNEL32.DLL
[0712/212031:ERROR:process_reader_win.cc(232)] ReadMemory at 0x73d40000 of 64 bytes failed: Only part of a ReadProcessMemory or WriteProcessMemory request was completed. (0x12B)
[0712/212031:WARNING:pe_image_reader.cc(280)] could not read dos header from C:\Windows\system32\apphelp.dll
[0712/212031:ERROR:process_reader_win.cc(232)] ReadMemory at 0x75c80000 of 64 bytes failed: Only part of a ReadProcessMemory or WriteProcessMemory request was completed. (0x12B)
[0712/212031:WARNING:pe_image_reader.cc(280)] could not read dos header from C:\Windows\SYSTEM32\msvcrt.dll
[0712/212031:ERROR:process_reader_win.cc(232)] ReadMemory at 0x76ea0000 of 64 bytes failed: Only part of a ReadProcessMemory or WriteProcessMemory request was completed. (0x12B)
[0712/212031:WARNING:pe_image_reader.cc(280)] could not read dos header from C:\Windows\SYSTEM32\bcryptPrimitives.dll
[0712/212031:ERROR:process_reader_win.cc(232)] ReadMemory at 0x73de0000 of 64 bytes failed: Only part of a ReadProcessMemory or WriteProcessMemory request was completed. (0x12B)
[0712/212031:WARNING:pe_image_reader.cc(280)] could not read dos header from C:\Windows\SYSTEM32\CRYPTBASE.dll
[0712/212031:ERROR:process_reader_win.cc(232)] ReadMemory at 0x73df0000 of 64 bytes failed: Only part of a ReadProcessMemory or WriteProcessMemory request was completed. (0x12B)
[0712/212031:WARNING:pe_image_reader.cc(280)] could not read dos header from C:\Windows\SYSTEM32\SspiCli.dll
[0712/212031:ERROR:process_reader_win.cc(232)] ReadMemory at 0x73ef0000 of 64 bytes failed: Only part of a ReadProcessMemory or WriteProcessMemory request was completed. (0x12B)
[0712/212031:WARNING:pe_image_reader.cc(280)] could not read dos header from C:\Windows\SYSTEM32\RPCRT4.dll
[0712/212031:ERROR:process_reader_win.cc(232)] ReadMemory at 0x76040000 of 64 bytes failed: Only part of a ReadProcessMemory or WriteProcessMemory request was completed. (0x12B)
[0712/212031:WARNING:pe_image_reader.cc(280)] could not read dos header from C:\Windows\SYSTEM32\sechost.dll
[0712/212031:ERROR:process_reader_win.cc(232)] ReadMemory at 0x76f00000 of 64 bytes failed: Only part of a ReadProcessMemory or WriteProcessMemory request was completed. (0x12B)
[0712/212031:WARNING:pe_image_reader.cc(280)] could not read dos header from C:\Windows\SYSTEM32\ADVAPI32.dll
[0712/212031:ERROR:process_reader_win.cc(232)] ReadMemory at 0x5b6e0000 of 64 bytes failed: Only part of a ReadProcessMemory or WriteProcessMemory request was completed. (0x12B)
[0712/212031:WARNING:pe_image_reader.cc(280)] could not read dos header from C:\Program Files (x86)\Norton Security Suite\NortonData\22.5.2.15\Definitions\IPSDefs\20160711.001\IPSEng32.dll
[0712/212031:ERROR:process_reader_win.cc(232)] ReadMemory at 0x60280000 of 64 bytes failed: Only part of a ReadProcessMemory or WriteProcessMemory request was completed. (0x12B)
[0712/212031:WARNING:pe_image_reader.cc(280)] could not read dos header from C:\Program Files (x86)\Google\Chrome\Application\51.0.2704.103\chrome_elf.dll
[0712/212031:ERROR:process_reader_win.cc(232)] ReadMemory at 0x73d30000 of 64 bytes failed: Only part of a ReadProcessMemory or WriteProcessMemory request was completed. (0x12B)
[0712/212031:WARNING:pe_image_reader.cc(280)] could not read dos header from C:\Windows\SYSTEM32\VERSION.dll
[0712/212031:ERROR:process_reader_win.cc(232)] ReadMemory at 0x75fa0000 of 64 bytes failed: Only part of a ReadProcessMemory or WriteProcessMemory request was completed. (0x12B)
[0712/212031:WARNING:pe_image_reader.cc(280)] could not read dos header from C:\Windows\SYSTEM32\cfgmgr32.dll
[0712/212031:ERROR:process_reader_win.cc(232)] ReadMemory at 0x73970000 of 64 bytes failed: Only part of a ReadProcessMemory or WriteProcessMemory request was completed. (0x12B)
[0712/212031:WARNING:pe_image_reader.cc(280)] could not read dos header from C:\Windows\SYSTEM32\WINMMBASE.dll
[0712/212031:ERROR:process_reader_win.cc(232)] ReadMemory at 0x76480000 of 64 bytes failed: Only part of a ReadProcessMemory or WriteProcessMemory request was completed. (0x12B)
[0712/212031:WARNING:pe_image_reader.cc(280)] could not read dos header from C:\Windows\SYSTEM32\GDI32.dll
[0712/212031:ERROR:process_reader_win.cc(232)] ReadMemory at 0x75d90000 of 64 bytes failed: Only part of a ReadProcessMemory or WriteProcessMemory request was completed. (0x12B)
[0712/212031:WARNING:pe_image_reader.cc(280)] could not read dos header from C:\Windows\SYSTEM32\USER32.dll
[0712/212031:ERROR:process_reader_win.cc(232)] ReadMemory at 0x73e10000 of 64 bytes failed: Only part of a ReadProcessMemory or WriteProcessMemory request was completed. (0x12B)
[0712/212031:WARNING:pe_image_reader.cc(280)] could not read dos header from C:\Windows\SYSTEM32\IMM32.DLL
[0712/212031:ERROR:process_reader_win.cc(232)] ReadMemory at 0x73a30000 of 64 bytes failed: Only part of a ReadProcessMemory or WriteProcessMemory request was completed. (0x12B)
[0712/212031:WARNING:pe_image_reader.cc(280)] could not read dos header from C:\Windows\SYSTEM32\WINMM.dll
[0712/212031:ERROR:process_reader_win.cc(232)] ReadMemory at 0x76030000 of 64 bytes failed: Only part of a ReadProcessMemory or WriteProcessMemory request was completed. (0x12B)
[0712/212031:WARNING:pe_image_reader.cc(280)] could not read dos header from C:\Windows\SYSTEM32\profapi.dll
[0712/212031:ERROR:process_reader_win.cc(232)] ReadMemory at 0x72ac0000 of 64 bytes failed: Only part of a ReadProcessMemory or WriteProcessMemory request was completed. (0x12B)
[0712/212031:WARNING:pe_image_reader.cc(280)] could not read dos header from C:\Windows\SYSTEM32\USERENV.dll
[0712/212031:ERROR:process_reader_win.cc(232)] ReadMemory at 0x72c90000 of 64 bytes failed: Only part of a ReadProcessMemory or WriteProcessMemory request was completed. (0x12B)
[0712/212031:WARNING:pe_image_reader.cc(280)] could not read dos header from C:\Windows\SYSTEM32\WTSAPI32.dll
[0712/212031:ERROR:process_reader_win.cc(232)] ReadMemory at 0x738d0000 of 64 bytes failed: Only part of a ReadProcessMemory or WriteProcessMemory request was completed. (0x12B)
[0712/212031:WARNING:pe_image_reader.cc(280)] could not read dos header from C:\Windows\SYSTEM32\WINHTTP.dll
[0712/212031:ERROR:process_reader_win.cc(232)] ReadMemory at 0x76c40000 of 64 bytes failed: Only part of a ReadProcessMemory or WriteProcessMemory request was completed. (0x12B)
[0712/212031:WARNING:pe_image_reader.cc(280)] could not read dos header from C:\Windows\SYSTEM32\combase.dll
[0712/212031:ERROR:process_reader_win.cc(232)] ReadMemory at 0x75d40000 of 64 bytes failed: Only part of a ReadProcessMemory or WriteProcessMemory request was completed. (0x12B)
[0712/212031:WARNING:pe_image_reader.cc(280)] could not read dos header from C:\Windows\SYSTEM32\shlwapi.dll
[0712/212031:ERROR:process_reader_win.cc(232)] ReadMemory at 0x761f0000 of 64 bytes failed: Only part of a ReadProcessMemory or WriteProcessMemory request was completed. (0x12B)
[0712/212031:WARNING:pe_image_reader.cc(280)] could not read dos header from C:\Windows\SYSTEM32\kernel.appcore.dll
[0712/212031:ERROR:process_reader_win.cc(232)] ReadMemory at 0x765d0000 of 64 bytes failed: Only part of a ReadProcessMemory or WriteProcessMemory request was completed. (0x12B)
[0712/212031:WARNING:pe_image_reader.cc(280)] could not read dos header from C:\Windows\SYSTEM32\shcore.dll
[0712/212031:ERROR:process_reader_win.cc(232)] ReadMemory at 0x75fe0000 of 64 bytes failed: Only part of a ReadProcessMemory or WriteProcessMemory request was completed. (0x12B)
[0712/212031:WARNING:pe_image_reader.cc(280)] could not read dos header from C:\Windows\SYSTEM32\powrprof.dll
[0712/212031:ERROR:process_reader_win.cc(232)] ReadMemory at 0x73fa0000 of 64 bytes failed: Only part of a ReadProcessMemory or WriteProcessMemory request was completed. (0x12B)
[0712/212031:WARNING:pe_image_reader.cc(280)] could not read dos header from C:\Windows\SYSTEM32\windows.storage.dll
[0712/212031:ERROR:process_reader_win.cc(232)] ReadMemory at 0x74880000 of 64 bytes failed: Only part of a ReadProcessMemory or WriteProcessMemory request was completed. (0x12B)
[0712/212031:WARNING:pe_image_reader.cc(280)] could not read dos header from C:\Windows\SYSTEM32\SHELL32.dll
[0712/212031:ERROR:process_reader_win.cc(232)] ReadMemory at 0x76410000 of 64 bytes failed: Only part of a ReadProcessMemory or WriteProcessMemory request was completed. (0x12B)
[0712/212031:WARNING:pe_image_reader.cc(280)] could not read dos header from C:\Windows\SYSTEM32\PSAPI.DLL
[0712/212031:ERROR:process_reader_win.cc(232)] ReadMemory at 0x73ca0000 of 64 bytes failed: Only part of a ReadProcessMemory or WriteProcessMemory request was completed. (0x12B)
[0712/212031:WARNING:pe_image_reader.cc(280)] could not read dos header from C:\Windows\SYSTEM32\bcrypt.dll
[0712/212031:ERROR:process_reader_win.cc(232)] ReadMemory at 0x73cc0000 of 64 bytes failed: Only part of a ReadProcessMemory or WriteProcessMemory request was completed. (0x12B)
[0712/212031:WARNING:pe_image_reader.cc(280)] could not read dos header from C:\Windows\SYSTEM32\WINSPOOL.DRV
[0712/212031:ERROR:process_reader_win.cc(232)] ReadMemory at 0x6ffe0000 of 64 bytes failed: Only part of a ReadProcessMemory or WriteProcessMemory request was completed. (0x12B)
[0712/212031:WARNING:pe_image_reader.cc(280)] could not read dos header from C:\Windows\WinSxS\x86_microsoft.windows.common-controls_6595b64144ccf1df_6.0.10586.0_none_d3c2e4e965da4528\COMCTL32.dll
[0712/212031:ERROR:process_reader_win.cc(232)] ReadMemory at 0x76190000 of 64 bytes failed: Only part of a ReadProcessMemory or WriteProcessMemory request was completed. (0x12B)
[0712/212031:WARNING:pe_image_reader.cc(280)] could not read dos header from C:\Windows\SYSTEM32\FirewallAPI.dll
[0712/212031:ERROR:process_reader_win.cc(232)] ReadMemory at 0x72260000 of 64 bytes failed: Only part of a ReadProcessMemory or WriteProcessMemory request was completed. (0x12B)
[0712/212031:WARNING:pe_image_reader.cc(280)] could not read dos header from C:\Windows\SYSTEM32\fwbase.dll
[0712/212031:ERROR:process_reader_win.cc(232)] ReadMemory at 0x76670000 of 64 bytes failed: Only part of a ReadProcessMemory or WriteProcessMemory request was completed. (0x12B)
[0712/212031:WARNING:pe_image_reader.cc(280)] could not read dos header from C:\Windows\SYSTEM32\NETAPI32.dll
[0712/212031:ERROR:process_reader_win.cc(232)] ReadMemory at 0x722b0000 of 64 bytes failed: Only part of a ReadProcessMemory or WriteProcessMemory request was completed. (0x12B)
[0712/212031:WARNING:pe_image_reader.cc(280)] could not read dos header from C:\Windows\SYSTEM32\DAVHLPR.DLL
[0712/212031:ERROR:process_reader_win.cc(232)] ReadMemory at 0x76090000 of 64 bytes failed: Only part of a ReadProcessMemory or WriteProcessMemory request was completed. (0x12B)
[0712/212031:WARNING:pe_image_reader.cc(280)] could not read dos header from C:\Windows\SYSTEM32\COMDLG32.dll
[0712/212031:ERROR:process_reader_win.cc(232)] ReadMemory at 0x766e0000 of 64 bytes failed: Only part of a ReadProcessMemory or WriteProcessMemory request was completed. (0x12B)
[0712/212031:WARNING:pe_image_reader.cc(280)] could not read dos header from C:\Windows\SYSTEM32\ole32.dll
[0712/212031:ERROR:process_reader_win.cc(232)] ReadMemory at 0x76e00000 of 64 bytes failed: Only part of a ReadProcessMemory or WriteProcessMemory request was completed. (0x12B)
[0712/212031:WARNING:pe_image_reader.cc(280)] could not read dos header from C:\Windows\SYSTEM32\OLEAUT32.dll
[0712/212031:ERROR:process_reader_win.cc(232)] ReadMemory at 0x736e0000 of 64 bytes failed: Only part of a ReadProcessMemory or WriteProcessMemory request was completed. (0x12B)
[0712/212031:WARNING:pe_image_reader.cc(280)] could not read dos header from C:\Windows\SYSTEM32\IPHLPAPI.DLL
[0712/212031:ERROR:process_reader_win.cc(232)] ReadMemory at 0x75f40000 of 64 bytes failed: Only part of a ReadProcessMemory or WriteProcessMemory request was completed. (0x12B)
[0712/212031:WARNING:pe_image_reader.cc(280)] could not read dos header from C:\Windows\SYSTEM32\WS2_32.dll
[0712/212031:ERROR:process_reader_win.cc(232)] ReadMemory at 0x6f800000 of 64 bytes failed: Only part of a ReadProcessMemory or WriteProcessMemory request was completed. (0x12B)
[0712/212031:WARNING:pe_image_reader.cc(280)] could not read dos header from C:\Windows\SYSTEM32\USP10.dll
[0712/212031:ERROR:process_reader_win.cc(232)] ReadMemory at 0x74620000 of 64 bytes failed: Only part of a ReadProcessMemory or WriteProcessMemory request was completed. (0x12B)
[0712/212031:WARNING:pe_image_reader.cc(280)] could not read dos header from C:\Windows\SYSTEM32\MSASN1.dll
[0712/212031:ERROR:process_reader_win.cc(232)] ReadMemory at 0x744a0000 of 64 bytes failed: Only part of a ReadProcessMemory or WriteProcessMemory request was completed. (0x12B)
[0712/212031:WARNING:pe_image_reader.cc(280)] could not read dos header from C:\Windows\SYSTEM32\CRYPT32.dll
[0712/212031:ERROR:process_reader_win.cc(232)] ReadMemory at 0x76690000 of 64 bytes failed: Only part of a ReadProcessMemory or WriteProcessMemory request was completed. (0x12B)
[0712/212031:WARNING:pe_image_reader.cc(280)] could not read dos header from C:\Windows\SYSTEM32\WINTRUST.dll
[0712/212031:ERROR:process_reader_win.cc(232)] ReadMemory at 0x72ca0000 of 64 bytes failed: Only part of a ReadProcessMemory or WriteProcessMemory request was completed. (0x12B)
[0712/212031:WARNING:pe_image_reader.cc(280)] could not read dos header from C:\Windows\SYSTEM32\Secur32.dll
[0712/212031:ERROR:process_reader_win.cc(232)] ReadMemory at 0xf640000 of 64 bytes failed: Only part of a ReadProcessMemory or WriteProcessMemory request was completed. (0x12B)
[0712/212031:WARNING:pe_image_reader.cc(280)] could not read dos header from C:\Program Files (x86)\Google\Chrome\Application\51.0.2704.103\chrome_child.dll
[0712/212031:ERROR:process_reader_win.cc(232)] ReadMemory at 0x70f40000 of 64 bytes failed: Only part of a ReadProcessMemory or WriteProcessMemory request was completed. (0x12B)
[0712/212031:WARNING:pe_image_reader.cc(280)] could not read dos header from C:\Windows\SYSTEM32\dwrite.dll
[0712/212031:ERROR:process_reader_win.cc(232)] ReadMemory at 0x771cab80 of 5888 bytes failed: Only part of a ReadProcessMemory or WriteProcessMemory request was completed. (0x12B)
[0712/212031:ERROR:process_reader_win.cc(232)] ReadMemory at 0x11b0000 of 64 bytes failed: Only part of a ReadProcessMemory or WriteProcessMemory request was completed. (0x12B)
[0712/212031:WARNING:pe_image_reader.cc(280)] could not read dos header from C:\Program Files (x86)\Google\Chrome\Application\chrome.exe
[0712/212031:ERROR:process_reader_win.cc(232)] ReadMemory at 0x770c0000 of 64 bytes failed: Only part of a ReadProcessMemory or WriteProcessMemory request was completed. (0x12B)
[0712/212031:WARNING:pe_image_reader.cc(280)] could not read dos header from C:\Windows\SYSTEM32\ntdll.dll
[0712/212031:ERROR:process_reader_win.cc(232)] ReadMemory at 0x76290000 of 64 bytes failed: Only part of a ReadProcessMemory or WriteProcessMemory request was completed. (0x12B)
[0712/212031:WARNING:pe_image_reader.cc(280)] could not read dos header from C:\Windows\SYSTEM32\KERNELBASE.dll
[0712/212031:ERROR:process_reader_win.cc(232)] ReadMemory at 0x74630000 of 64 bytes failed: Only part of a ReadProcessMemory or WriteProcessMemory request was completed. (0x12B)
[0712/212031:WARNING:pe_image_reader.cc(280)] could not read dos header from C:\Windows\SYSTEM32\KERNEL32.DLL
[0712/212031:ERROR:process_reader_win.cc(232)] ReadMemory at 0x73d40000 of 64 bytes failed: Only part of a ReadProcessMemory or WriteProcessMemory request was completed. (0x12B)
[0712/212031:WARNING:pe_image_reader.cc(280)] could not read dos header from C:\Windows\system32\apphelp.dll
[0712/212031:ERROR:process_reader_win.cc(232)] ReadMemory at 0x75c80000 of 64 bytes failed: Only part of a ReadProcessMemory or WriteProcessMemory request was completed. (0x12B)
[0712/212031:WARNING:pe_image_reader.cc(280)] could not read dos header from C:\Windows\SYSTEM32\msvcrt.dll
[0712/212031:ERROR:process_reader_win.cc(232)] ReadMemory at 0x76ea0000 of 64 bytes failed: Only part of a ReadProcessMemory or WriteProcessMemory request was completed. (0x12B)
[0712/212031:WARNING:pe_image_reader.cc(280)] could not read dos header from C:\Windows\SYSTEM32\bcryptPrimitives.dll
[0712/212031:ERROR:process_reader_win.cc(232)] ReadMemory at 0x73de0000 of 64 bytes failed: Only part of a ReadProcessMemory or WriteProcessMemory request was completed. (0x12B)
[0712/212031:WARNING:pe_image_reader.cc(280)] could not read dos header from C:\Windows\SYSTEM32\CRYPTBASE.dll
[0712/212031:ERROR:process_reader_win.cc(232)] ReadMemory at 0x73df0000 of 64 bytes failed: Only part of a ReadProcessMemory or WriteProcessMemory request was completed. (0x12B)
[0712/212031:WARNING:pe_image_reader.cc(280)] could not read dos header from C:\Windows\SYSTEM32\SspiCli.dll
[0712/212031:ERROR:process_reader_win.cc(232)] ReadMemory at 0x73ef0000 of 64 bytes failed: Only part of a ReadProcessMemory or WriteProcessMemory request was completed. (0x12B)
[0712/212031:WARNING:pe_image_reader.cc(280)] could not read dos header from C:\Windows\SYSTEM32\RPCRT4.dll
[0712/212031:ERROR:process_reader_win.cc(232)] ReadMemory at 0x76040000 of 64 bytes failed: Only part of a ReadProcessMemory or WriteProcessMemory request was completed. (0x12B)
[0712/212031:WARNING:pe_image_reader.cc(280)] could not read dos header from C:\Windows\SYSTEM32\sechost.dll
[0712/212031:ERROR:process_reader_win.cc(232)] ReadMemory at 0x76f00000 of 64 bytes failed: Only part of a ReadProcessMemory or WriteProcessMemory request was completed. (0x12B)
[0712/212031:WARNING:pe_image_reader.cc(280)] could not read dos header from C:\Windows\SYSTEM32\ADVAPI32.dll
[0712/212031:ERROR:process_reader_win.cc(232)] ReadMemory at 0x5b6e0000 of 64 bytes failed: Only part of a ReadProcessMemory or WriteProcessMemory request was completed. (0x12B)
[0712/212031:WARNING:pe_image_reader.cc(280)] could not read dos header from C:\Program Files (x86)\Norton Security Suite\NortonData\22.5.2.15\Definitions\IPSDefs\20160711.001\IPSEng32.dll
[0712/212031:ERROR:process_reader_win.cc(232)] ReadMemory at 0x60280000 of 64 bytes failed: Only part of a ReadProcessMemory or WriteProcessMemory request was completed. (0x12B)
[0712/212031:WARNING:pe_image_reader.cc(280)] could not read dos header from C:\Program Files (x86)\Google\Chrome\Application\51.0.2704.103\chrome_elf.dll
[0712/212031:ERROR:process_reader_win.cc(232)] ReadMemory at 0x73d30000 of 64 bytes failed: Only part of a ReadProcessMemory or WriteProcessMemory request was completed. (0x12B)
[0712/212031:WARNING:pe_image_reader.cc(280)] could not read dos header from C:\Windows\SYSTEM32\VERSION.dll
[0712/212031:ERROR:process_reader_win.cc(232)] ReadMemory at 0x75fa0000 of 64 bytes failed: Only part of a ReadProcessMemory or WriteProcessMemory request was completed. (0x12B)
[0712/212031:WARNING:pe_image_reader.cc(280)] could not read dos header from C:\Windows\SYSTEM32\cfgmgr32.dll
[0712/212031:ERROR:process_reader_win.cc(232)] ReadMemory at 0x73970000 of 64 bytes failed: Only part of a ReadProcessMemory or WriteProcessMemory request was completed. (0x12B)
[0712/212031:WARNING:pe_image_reader.cc(280)] could not read dos header from C:\Windows\SYSTEM32\WINMMBASE.dll
[0712/212031:ERROR:process_reader_win.cc(232)] ReadMemory at 0x76480000 of 64 bytes failed: Only part of a ReadProcessMemory or WriteProcessMemory request was completed. (0x12B)
[0712/212031:WARNING:pe_image_reader.cc(280)] could not read dos header from C:\Windows\SYSTEM32\GDI32.dll
[0712/212031:ERROR:process_reader_win.cc(232)] ReadMemory at 0x75d90000 of 64 bytes failed: Only part of a ReadProcessMemory or WriteProcessMemory request was completed. (0x12B)
[0712/212031:WARNING:pe_image_reader.cc(280)] could not read dos header from C:\Windows\SYSTEM32\USER32.dll
[0712/212031:ERROR:process_reader_win.cc(232)] ReadMemory at 0x73e10000 of 64 bytes failed: Only part of a ReadProcessMemory or WriteProcessMemory request was completed. (0x12B)
[0712/212031:WARNING:pe_image_reader.cc(280)] could not read dos header from C:\Windows\SYSTEM32\IMM32.DLL
[0712/212031:ERROR:process_reader_win.cc(232)] ReadMemory at 0x73a30000 of 64 bytes failed: Only part of a ReadProcessMemory or WriteProcessMemory request was completed. (0x12B)
[0712/212031:WARNING:pe_image_reader.cc(280)] could not read dos header from C:\Windows\SYSTEM32\WINMM.dll
[0712/212031:ERROR:process_reader_win.cc(232)] ReadMemory at 0x76030000 of 64 bytes failed: Only part of a ReadProcessMemory or WriteProcessMemory request was completed. (0x12B)
[0712/212031:WARNING:pe_image_reader.cc(280)] could not read dos header from C:\Windows\SYSTEM32\profapi.dll
[0712/212031:ERROR:process_reader_win.cc(232)] ReadMemory at 0x72ac0000 of 64 bytes failed: Only part of a ReadProcessMemory or WriteProcessMemory request was completed. (0x12B)
[0712/212031:WARNING:pe_image_reader.cc(280)] could not read dos header from C:\Windows\SYSTEM32\USERENV.dll
[0712/212031:ERROR:process_reader_win.cc(232)] ReadMemory at 0x72c90000 of 64 bytes failed: Only part of a ReadProcessMemory or WriteProcessMemory request was completed. (0x12B)
[0712/212031:WARNING:pe_image_reader.cc(280)] could not read dos header from C:\Windows\SYSTEM32\WTSAPI32.dll
[0712/212031:ERROR:process_reader_win.cc(232)] ReadMemory at 0x738d0000 of 64 bytes failed: Only part of a ReadProcessMemory or WriteProcessMemory request was completed. (0x12B)
[0712/212031:WARNING:pe_image_reader.cc(280)] could not read dos header from C:\Windows\SYSTEM32\WINHTTP.dll
[0712/212031:ERROR:process_reader_win.cc(232)] ReadMemory at 0x76c40000 of 64 bytes failed: Only part of a ReadProcessMemory or WriteProcessMemory request was completed. (0x12B)
[0712/212031:WARNING:pe_image_reader.cc(280)] could not read dos header from C:\Windows\SYSTEM32\combase.dll
[0712/212031:ERROR:process_reader_win.cc(232)] ReadMemory at 0x75d40000 of 64 bytes failed: Only part of a ReadProcessMemory or WriteProcessMemory request was completed. (0x12B)
[0712/212031:WARNING:pe_image_reader.cc(280)] could not read dos header from C:\Windows\SYSTEM32\shlwapi.dll
[0712/212031:ERROR:process_reader_win.cc(232)] ReadMemory at 0x761f0000 of 64 bytes failed: Only part of a ReadProcessMemory or WriteProcessMemory request was completed. (0x12B)
[0712/212031:WARNING:pe_image_reader.cc(280)] could not read dos header from C:\Windows\SYSTEM32\kernel.appcore.dll
[0712/212031:ERROR:process_reader_win.cc(232)] ReadMemory at 0x765d0000 of 64 bytes failed: Only part of a ReadProcessMemory or WriteProcessMemory request was completed. (0x12B)
[0712/212031:WARNING:pe_image_reader.cc(280)] could not read dos header from C:\Windows\SYSTEM32\shcore.dll
[0712/212031:ERROR:process_reader_win.cc(232)] ReadMemory at 0x75fe0000 of 64 bytes failed: Only part of a ReadProcessMemory or WriteProcessMemory request was completed. (0x12B)
[0712/212031:WARNING:pe_image_reader.cc(280)] could not read dos header from C:\Windows\SYSTEM32\powrprof.dll
[0712/212031:ERROR:process_reader_win.cc(232)] ReadMemory at 0x73fa0000 of 64 bytes failed: Only part of a ReadProcessMemory or WriteProcessMemory request was completed. (0x12B)
[0712/212031:WARNING:pe_image_reader.cc(280)] could not read dos header from C:\Windows\SYSTEM32\windows.storage.dll
[0712/212031:ERROR:process_reader_win.cc(232)] ReadMemory at 0x74880000 of 64 bytes failed: Only part of a ReadProcessMemory or WriteProcessMemory request was completed. (0x12B)
[0712/212031:WARNING:pe_image_reader.cc(280)] could not read dos header from C:\Windows\SYSTEM32\SHELL32.dll
[0712/212031:ERROR:process_reader_win.cc(232)] ReadMemory at 0x76410000 of 64 bytes failed: Only part of a ReadProcessMemory or WriteProcessMemory request was completed. (0x12B)
[0712/212031:WARNING:pe_image_reader.cc(280)] could not read dos header from C:\Windows\SYSTEM32\PSAPI.DLL
[0712/212031:ERROR:process_reader_win.cc(232)] ReadMemory at 0x73ca0000 of 64 bytes failed: Only part of a ReadProcessMemory or WriteProcessMemory request was completed. (0x12B)
[0712/212031:WARNING:pe_image_reader.cc(280)] could not read dos header from C:\Windows\SYSTEM32\bcrypt.dll
[0712/212031:ERROR:process_reader_win.cc(232)] ReadMemory at 0x73cc0000 of 64 bytes failed: Only part of a ReadProcessMemory or WriteProcessMemory request was completed. (0x12B)
[0712/212031:WARNING:pe_image_reader.cc(280)] could not read dos header from C:\Windows\SYSTEM32\WINSPOOL.DRV
[0712/212031:ERROR:process_reader_win.cc(232)] ReadMemory at 0x6ffe0000 of 64 bytes failed: Only part of a ReadProcessMemory or WriteProcessMemory request was completed. (0x12B)
[0712/212031:WARNING:pe_image_reader.cc(280)] could not read dos header from C:\Windows\WinSxS\x86_microsoft.windows.common-controls_6595b64144ccf1df_6.0.10586.0_none_d3c2e4e965da4528\COMCTL32.dll
[0712/212031:ERROR:process_reader_win.cc(232)] ReadMemory at 0x76190000 of 64 bytes failed: Only part of a ReadProcessMemory or WriteProcessMemory request was completed. (0x12B)
[0712/212031:WARNING:pe_image_reader.cc(280)] could not read dos header from C:\Windows\SYSTEM32\FirewallAPI.dll
[0712/212031:ERROR:process_reader_win.cc(232)] ReadMemory at 0x72260000 of 64 bytes failed: Only part of a ReadProcessMemory or WriteProcessMemory request was completed. (0x12B)
[0712/212031:WARNING:pe_image_reader.cc(280)] could not read dos header from C:\Windows\SYSTEM32\fwbase.dll
[0712/212031:ERROR:process_reader_win.cc(232)] ReadMemory at 0x76670000 of 64 bytes failed: Only part of a ReadProcessMemory or WriteProcessMemory request was completed. (0x12B)
[0712/212031:WARNING:pe_image_reader.cc(280)] could not read dos header from C:\Windows\SYSTEM32\NETAPI32.dll
[0712/212031:ERROR:process_reader_win.cc(232)] ReadMemory at 0x722b0000 of 64 bytes failed: Only part of a ReadProcessMemory or WriteProcessMemory request was completed. (0x12B)
[0712/212031:WARNING:pe_image_reader.cc(280)] could not read dos header from C:\Windows\SYSTEM32\DAVHLPR.DLL
[0712/212031:ERROR:process_reader_win.cc(232)] ReadMemory at 0x76090000 of 64 bytes failed: Only part of a ReadProcessMemory or WriteProcessMemory request was completed. (0x12B)
[0712/212031:WARNING:pe_image_reader.cc(280)] could not read dos header from C:\Windows\SYSTEM32\COMDLG32.dll
[0712/212031:ERROR:process_reader_win.cc(232)] ReadMemory at 0x766e0000 of 64 bytes failed: Only part of a ReadProcessMemory or WriteProcessMemory request was completed. (0x12B)
[0712/212031:WARNING:pe_image_reader.cc(280)] could not read dos header from C:\Windows\SYSTEM32\ole32.dll
[0712/212031:ERROR:process_reader_win.cc(232)] ReadMemory at 0x76e00000 of 64 bytes failed: Only part of a ReadProcessMemory or WriteProcessMemory request was completed. (0x12B)
[0712/212031:WARNING:pe_image_reader.cc(280)] could not read dos header from C:\Windows\SYSTEM32\OLEAUT32.dll
[0712/212031:ERROR:process_reader_win.cc(232)] ReadMemory at 0x736e0000 of 64 bytes failed: Only part of a ReadProcessMemory or WriteProcessMemory request was completed. (0x12B)
[0712/212031:WARNING:pe_image_reader.cc(280)] could not read dos header from C:\Windows\SYSTEM32\IPHLPAPI.DLL
[0712/212031:ERROR:process_reader_win.cc(232)] ReadMemory at 0x75f40000 of 64 bytes failed: Only part of a ReadProcessMemory or WriteProcessMemory request was completed. (0x12B)
[0712/212031:WARNING:pe_image_reader.cc(280)] could not read dos header from C:\Windows\SYSTEM32\WS2_32.dll
[0712/212031:ERROR:process_reader_win.cc(232)] ReadMemory at 0x6f800000 of 64 bytes failed: Only part of a ReadProcessMemory or WriteProcessMemory request was completed. (0x12B)
[0712/212031:WARNING:pe_image_reader.cc(280)] could not read dos header from C:\Windows\SYSTEM32\USP10.dll
[0712/212031:ERROR:process_reader_win.cc(232)] ReadMemory at 0x74620000 of 64 bytes failed: Only part of a ReadProcessMemory or WriteProcessMemory request was completed. (0x12B)
[0712/212031:WARNING:pe_image_reader.cc(280)] could not read dos header from C:\Windows\SYSTEM32\MSASN1.dll
[0712/212031:ERROR:process_reader_win.cc(232)] ReadMemory at 0x744a0000 of 64 bytes failed: Only part of a ReadProcessMemory or WriteProcessMemory request was completed. (0x12B)
[0712/212031:WARNING:pe_image_reader.cc(280)] could not read dos header from C:\Windows\SYSTEM32\CRYPT32.dll
[0712/212031:ERROR:process_reader_win.cc(232)] ReadMemory at 0x76690000 of 64 bytes failed: Only part of a ReadProcessMemory or WriteProcessMemory request was completed. (0x12B)
[0712/212031:WARNING:pe_image_reader.cc(280)] could not read dos header from C:\Windows\SYSTEM32\WINTRUST.dll
[0712/212031:ERROR:process_reader_win.cc(232)] ReadMemory at 0x72ca0000 of 64 bytes failed: Only part of a ReadProcessMemory or WriteProcessMemory request was completed. (0x12B)
[0712/212031:WARNING:pe_image_reader.cc(280)] could not read dos header from C:\Windows\SYSTEM32\Secur32.dll
[0712/212031:ERROR:process_reader_win.cc(232)] ReadMemory at 0xf640000 of 64 bytes failed: Only part of a ReadProcessMemory or WriteProcessMemory request was completed. (0x12B)
[0712/212031:WARNING:pe_image_reader.cc(280)] could not read dos header from C:\Program Files (x86)\Google\Chrome\Application\51.0.2704.103\chrome_child.dll
[0712/212031:ERROR:process_reader_win.cc(232)] ReadMemory at 0x70f40000 of 64 bytes failed: Only part of a ReadProcessMemory or WriteProcessMemory request was completed. (0x12B)
[0712/212031:WARNING:pe_image_reader.cc(280)] could not read dos header from C:\Windows\SYSTEM32\dwrite.dll
[0712/212031:ERROR:process_reader_win.cc(98)] process 9000 not found
[0712/212031:ERROR:process_reader_win.cc(232)] ReadMemory at 0x11b0000 of 64 bytes failed: Only part of a ReadProcessMemory or WriteProcessMemory request was completed. (0x12B)
[0712/212031:WARNING:pe_image_reader.cc(280)] could not read dos header from C:\Program Files (x86)\Google\Chrome\Application\chrome.exe
[0712/212031:ERROR:process_reader_win.cc(232)] ReadMemory at 0x770c0000 of 64 bytes failed: Only part of a ReadProcessMemory or WriteProcessMemory request was completed. (0x12B)
[0712/212031:WARNING:pe_image_reader.cc(280)] could not read dos header from C:\Windows\SYSTEM32\ntdll.dll
[0712/212031:ERROR:process_reader_win.cc(232)] ReadMemory at 0x76290000 of 64 bytes failed: Only part of a ReadProcessMemory or WriteProcessMemory request was completed. (0x12B)
[0712/212031:WARNING:pe_image_reader.cc(280)] could not read dos header from C:\Windows\SYSTEM32\KERNELBASE.dll
[0712/212031:ERROR:process_reader_win.cc(232)] ReadMemory at 0x74630000 of 64 bytes failed: Only part of a ReadProcessMemory or WriteProcessMemory request was completed. (0x12B)
[0712/212031:WARNING:pe_image_reader.cc(280)] could not read dos header from C:\Windows\SYSTEM32\KERNEL32.DLL
[0712/212031:ERROR:process_reader_win.cc(232)] ReadMemory at 0x73d40000 of 64 bytes failed: Only part of a ReadProcessMemory or WriteProcessMemory request was completed. (0x12B)
[0712/212031:WARNING:pe_image_reader.cc(280)] could not read dos header from C:\Windows\system32\apphelp.dll
[0712/212031:ERROR:process_reader_win.cc(232)] ReadMemory at 0x75c80000 of 64 bytes failed: Only part of a ReadProcessMemory or WriteProcessMemory request was completed. (0x12B)
[0712/212031:WARNING:pe_image_reader.cc(280)] could not read dos header from C:\Windows\SYSTEM32\msvcrt.dll
[0712/212031:ERROR:process_reader_win.cc(232)] ReadMemory at 0x76ea0000 of 64 bytes failed: Only part of a ReadProcessMemory or WriteProcessMemory request was completed. (0x12B)
[0712/212031:WARNING:pe_image_reader.cc(280)] could not read dos header from C:\Windows\SYSTEM32\bcryptPrimitives.dll
[0712/212031:ERROR:process_reader_win.cc(232)] ReadMemory at 0x73de0000 of 64 bytes failed: Only part of a ReadProcessMemory or WriteProcessMemory request was completed. (0x12B)
[0712/212031:WARNING:pe_image_reader.cc(280)] could not read dos header from C:\Windows\SYSTEM32\CRYPTBASE.dll
[0712/212031:ERROR:process_reader_win.cc(232)] ReadMemory at 0x73df0000 of 64 bytes failed: Only part of a ReadProcessMemory or WriteProcessMemory request was completed. (0x12B)
[0712/212031:WARNING:pe_image_reader.cc(280)] could not read dos header from C:\Windows\SYSTEM32\SspiCli.dll
[0712/212031:ERROR:process_reader_win.cc(232)] ReadMemory at 0x73ef0000 of 64 bytes failed: Only part of a ReadProcessMemory or WriteProcessMemory request was completed. (0x12B)
[0712/212031:WARNING:pe_image_reader.cc(280)] could not read dos header from C:\Windows\SYSTEM32\RPCRT4.dll
[0712/212031:ERROR:process_reader_win.cc(232)] ReadMemory at 0x76040000 of 64 bytes failed: Only part of a ReadProcessMemory or WriteProcessMemory request was completed. (0x12B)
[0712/212031:WARNING:pe_image_reader.cc(280)] could not read dos header from C:\Windows\SYSTEM32\sechost.dll
[0712/212031:ERROR:process_reader_win.cc(232)] ReadMemory at 0x76f00000 of 64 bytes failed: Only part of a ReadProcessMemory or WriteProcessMemory request was completed. (0x12B)
[0712/212031:WARNING:pe_image_reader.cc(280)] could not read dos header from C:\Windows\SYSTEM32\ADVAPI32.dll
[0712/212031:ERROR:process_reader_win.cc(232)] ReadMemory at 0x5b6e0000 of 64 bytes failed: Only part of a ReadProcessMemory or WriteProcessMemory request was completed. (0x12B)
[0712/212031:WARNING:pe_image_reader.cc(280)] could not read dos header from C:\Program Files (x86)\Norton Security Suite\NortonData\22.5.2.15\Definitions\IPSDefs\20160711.001\IPSEng32.dll
[0712/212031:ERROR:process_reader_win.cc(232)] ReadMemory at 0x60280000 of 64 bytes failed: Only part of a ReadProcessMemory or WriteProcessMemory request was completed. (0x12B)
[0712/212031:WARNING:pe_image_reader.cc(280)] could not read dos header from C:\Program Files (x86)\Google\Chrome\Application\51.0.2704.103\chrome_elf.dll
[0712/212031:ERROR:process_reader_win.cc(232)] ReadMemory at 0x73d30000 of 64 bytes failed: Only part of a ReadProcessMemory or WriteProcessMemory request was completed. (0x12B)
[0712/212031:WARNING:pe_image_reader.cc(280)] could not read dos header from C:\Windows\SYSTEM32\VERSION.dll
[0712/212031:ERROR:process_reader_win.cc(232)] ReadMemory at 0x75fa0000 of 64 bytes failed: Only part of a ReadProcessMemory or WriteProcessMemory request was completed. (0x12B)
[0712/212031:WARNING:pe_image_reader.cc(280)] could not read dos header from C:\Windows\SYSTEM32\cfgmgr32.dll
[0712/212031:ERROR:process_reader_win.cc(232)] ReadMemory at 0x73970000 of 64 bytes failed: Only part of a ReadProcessMemory or WriteProcessMemory request was completed. (0x12B)
[0712/212031:WARNING:pe_image_reader.cc(280)] could not read dos header from C:\Windows\SYSTEM32\WINMMBASE.dll
[0712/212031:ERROR:process_reader_win.cc(232)] ReadMemory at 0x76480000 of 64 bytes failed: Only part of a ReadProcessMemory or WriteProcessMemory request was completed. (0x12B)
[0712/212031:WARNING:pe_image_reader.cc(280)] could not read dos header from C:\Windows\SYSTEM32\GDI32.dll
[0712/212031:ERROR:process_reader_win.cc(232)] ReadMemory at 0x75d90000 of 64 bytes failed: Only part of a ReadProcessMemory or WriteProcessMemory request was completed. (0x12B)
[0712/212031:WARNING:pe_image_reader.cc(280)] could not read dos header from C:\Windows\SYSTEM32\USER32.dll
[0712/212031:ERROR:process_reader_win.cc(232)] ReadMemory at 0x73e10000 of 64 bytes failed: Only part of a ReadProcessMemory or WriteProcessMemory request was completed. (0x12B)
[0712/212031:WARNING:pe_image_reader.cc(280)] could not read dos header from C:\Windows\SYSTEM32\IMM32.DLL
[0712/212031:ERROR:process_reader_win.cc(232)] ReadMemory at 0x73a30000 of 64 bytes failed: Only part of a ReadProcessMemory or WriteProcessMemory request was completed. (0x12B)
[0712/212031:WARNING:pe_image_reader.cc(280)] could not read dos header from C:\Windows\SYSTEM32\WINMM.dll
[0712/212031:ERROR:process_reader_win.cc(232)] ReadMemory at 0x76030000 of 64 bytes failed: Only part of a ReadProcessMemory or WriteProcessMemory request was completed. (0x12B)
[0712/212031:WARNING:pe_image_reader.cc(280)] could not read dos header from C:\Windows\SYSTEM32\profapi.dll
[0712/212031:ERROR:process_reader_win.cc(232)] ReadMemory at 0x72ac0000 of 64 bytes failed: Only part of a ReadProcessMemory or WriteProcessMemory request was completed. (0x12B)
[0712/212031:WARNING:pe_image_reader.cc(280)] could not read dos header from C:\Windows\SYSTEM32\USERENV.dll
[0712/212031:ERROR:process_reader_win.cc(232)] ReadMemory at 0x72c90000 of 64 bytes failed: Only part of a ReadProcessMemory or WriteProcessMemory request was completed. (0x12B)
[0712/212031:WARNING:pe_image_reader.cc(280)] could not read dos header from C:\Windows\SYSTEM32\WTSAPI32.dll
[0712/212031:ERROR:process_reader_win.cc(232)] ReadMemory at 0x738d0000 of 64 bytes failed: Only part of a ReadProcessMemory or WriteProcessMemory request was completed. (0x12B)
[0712/212031:WARNING:pe_image_reader.cc(280)] could not read dos header from C:\Windows\SYSTEM32\WINHTTP.dll
[0712/212031:ERROR:process_reader_win.cc(232)] ReadMemory at 0x76c40000 of 64 bytes failed: Only part of a ReadProcessMemory or WriteProcessMemory request was completed. (0x12B)
[0712/212031:WARNING:pe_image_reader.cc(280)] could not read dos header from C:\Windows\SYSTEM32\combase.dll
[0712/212031:ERROR:process_reader_win.cc(232)] ReadMemory at 0x75d40000 of 64 bytes failed: Only part of a ReadProcessMemory or WriteProcessMemory request was completed. (0x12B)
[0712/212031:WARNING:pe_image_reader.cc(280)] could not read dos header from C:\Windows\SYSTEM32\shlwapi.dll
[0712/212031:ERROR:process_reader_win.cc(232)] ReadMemory at 0x761f0000 of 64 bytes failed: Only part of a ReadProcessMemory or WriteProcessMemory request was completed. (0x12B)
[0712/212031:WARNING:pe_image_reader.cc(280)] could not read dos header from C:\Windows\SYSTEM32\kernel.appcore.dll
[0712/212031:ERROR:process_reader_win.cc(232)] ReadMemory at 0x765d0000 of 64 bytes failed: Only part of a ReadProcessMemory or WriteProcessMemory request was completed. (0x12B)
[0712/212031:WARNING:pe_image_reader.cc(280)] could not read dos header from C:\Windows\SYSTEM32\shcore.dll
[0712/212031:ERROR:process_reader_win.cc(232)] ReadMemory at 0x75fe0000 of 64 bytes failed: Only part of a ReadProcessMemory or WriteProcessMemory request was completed. (0x12B)
[0712/212031:WARNING:pe_image_reader.cc(280)] could not read dos header from C:\Windows\SYSTEM32\powrprof.dll
[0712/212031:ERROR:process_reader_win.cc(232)] ReadMemory at 0x73fa0000 of 64 bytes failed: Only part of a ReadProcessMemory or WriteProcessMemory request was completed. (0x12B)
[0712/212031:WARNING:pe_image_reader.cc(280)] could not read dos header from C:\Windows\SYSTEM32\windows.storage.dll
[0712/212031:ERROR:process_reader_win.cc(232)] ReadMemory at 0x74880000 of 64 bytes failed: Only part of a ReadProcessMemory or WriteProcessMemory request was completed. (0x12B)
[0712/212031:WARNING:pe_image_reader.cc(280)] could not read dos header from C:\Windows\SYSTEM32\SHELL32.dll
[0712/212031:ERROR:process_reader_win.cc(232)] ReadMemory at 0x76410000 of 64 bytes failed: Only part of a ReadProcessMemory or WriteProcessMemory request was completed. (0x12B)
[0712/212031:WARNING:pe_image_reader.cc(280)] could not read dos header from C:\Windows\SYSTEM32\PSAPI.DLL
[0712/212031:ERROR:process_reader_win.cc(232)] ReadMemory at 0x73ca0000 of 64 bytes failed: Only part of a ReadProcessMemory or WriteProcessMemory request was completed. (0x12B)
[0712/212031:WARNING:pe_image_reader.cc(280)] could not read dos header from C:\Windows\SYSTEM32\bcrypt.dll
[0712/212031:ERROR:process_reader_win.cc(232)] ReadMemory at 0x73cc0000 of 64 bytes failed: Only part of a ReadProcessMemory or WriteProcessMemory request was completed. (0x12B)
[0712/212031:WARNING:pe_image_reader.cc(280)] could not read dos header from C:\Windows\SYSTEM32\WINSPOOL.DRV
[0712/212031:ERROR:process_reader_win.cc(232)] ReadMemory at 0x6ffe0000 of 64 bytes failed: Only part of a ReadProcessMemory or WriteProcessMemory request was completed. (0x12B)
[0712/212031:WARNING:pe_image_reader.cc(280)] could not read dos header from C:\Windows\WinSxS\x86_microsoft.windows.common-controls_6595b64144ccf1df_6.0.10586.0_none_d3c2e4e965da4528\COMCTL32.dll
[0712/212031:ERROR:process_reader_win.cc(232)] ReadMemory at 0x76190000 of 64 bytes failed: Only part of a ReadProcessMemory or WriteProcessMemory request was completed. (0x12B)
[0712/212031:WARNING:pe_image_reader.cc(280)] could not read dos header from C:\Windows\SYSTEM32\FirewallAPI.dll
[0712/212031:ERROR:process_reader_win.cc(232)] ReadMemory at 0x72260000 of 64 bytes failed: Only part of a ReadProcessMemory or WriteProcessMemory request was completed. (0x12B)
[0712/212031:WARNING:pe_image_reader.cc(280)] could not read dos header from C:\Windows\SYSTEM32\fwbase.dll
[0712/212031:ERROR:process_reader_win.cc(232)] ReadMemory at 0x76670000 of 64 bytes failed: Only part of a ReadProcessMemory or WriteProcessMemory request was completed. (0x12B)
[0712/212031:WARNING:pe_image_reader.cc(280)] could not read dos header from C:\Windows\SYSTEM32\NETAPI32.dll
[0712/212031:ERROR:process_reader_win.cc(232)] ReadMemory at 0x722b0000 of 64 bytes failed: Only part of a ReadProcessMemory or WriteProcessMemory request was completed. (0x12B)
[0712/212031:WARNING:pe_image_reader.cc(280)] could not read dos header from C:\Windows\SYSTEM32\DAVHLPR.DLL
[0712/212031:ERROR:process_reader_win.cc(232)] ReadMemory at 0x76090000 of 64 bytes failed: Only part of a ReadProcessMemory or WriteProcessMemory request was completed. (0x12B)
[0712/212031:WARNING:pe_image_reader.cc(280)] could not read dos header from C:\Windows\SYSTEM32\COMDLG32.dll
[0712/212031:ERROR:process_reader_win.cc(232)] ReadMemory at 0x766e0000 of 64 bytes failed: Only part of a ReadProcessMemory or WriteProcessMemory request was completed. (0x12B)
[0712/212031:WARNING:pe_image_reader.cc(280)] could not read dos header from C:\Windows\SYSTEM32\ole32.dll
[0712/212031:ERROR:process_reader_win.cc(232)] ReadMemory at 0x76e00000 of 64 bytes failed: Only part of a ReadProcessMemory or WriteProcessMemory request was completed. (0x12B)
[0712/212031:WARNING:pe_image_reader.cc(280)] could not read dos header from C:\Windows\SYSTEM32\OLEAUT32.dll
[0712/212031:ERROR:process_reader_win.cc(232)] ReadMemory at 0x736e0000 of 64 bytes failed: Only part of a ReadProcessMemory or WriteProcessMemory request was completed. (0x12B)
[0712/212031:WARNING:pe_image_reader.cc(280)] could not read dos header from C:\Windows\SYSTEM32\IPHLPAPI.DLL
[0712/212031:ERROR:process_reader_win.cc(232)] ReadMemory at 0x75f40000 of 64 bytes failed: Only part of a ReadProcessMemory or WriteProcessMemory request was completed. (0x12B)
[0712/212031:WARNING:pe_image_reader.cc(280)] could not read dos header from C:\Windows\SYSTEM32\WS2_32.dll
[0712/212031:ERROR:process_reader_win.cc(232)] ReadMemory at 0x6f800000 of 64 bytes failed: Only part of a ReadProcessMemory or WriteProcessMemory request was completed. (0x12B)
[0712/212031:WARNING:pe_image_reader.cc(280)] could not read dos header from C:\Windows\SYSTEM32\USP10.dll
[0712/212031:ERROR:process_reader_win.cc(232)] ReadMemory at 0x74620000 of 64 bytes failed: Only part of a ReadProcessMemory or WriteProcessMemory request was completed. (0x12B)
[0712/212031:WARNING:pe_image_reader.cc(280)] could not read dos header from C:\Windows\SYSTEM32\MSASN1.dll
[0712/212031:ERROR:process_reader_win.cc(232)] ReadMemory at 0x744a0000 of 64 bytes failed: Only part of a ReadProcessMemory or WriteProcessMemory request was completed. (0x12B)
[0712/212031:WARNING:pe_image_reader.cc(280)] could not read dos header from C:\Windows\SYSTEM32\CRYPT32.dll
[0712/212031:ERROR:process_reader_win.cc(232)] ReadMemory at 0x76690000 of 64 bytes failed: Only part of a ReadProcessMemory or WriteProcessMemory request was completed. (0x12B)
[0712/212031:WARNING:pe_image_reader.cc(280)] could not read dos header from C:\Windows\SYSTEM32\WINTRUST.dll
[0712/212031:ERROR:process_reader_win.cc(232)] ReadMemory at 0x72ca0000 of 64 bytes failed: Only part of a ReadProcessMemory or WriteProcessMemory request was completed. (0x12B)
[0712/212031:WARNING:pe_image_reader.cc(280)] could not read dos header from C:\Windows\SYSTEM32\Secur32.dll
[0712/212031:ERROR:process_reader_win.cc(232)] ReadMemory at 0xf640000 of 64 bytes failed: Only part of a ReadProcessMemory or WriteProcessMemory request was completed. (0x12B)
[0712/212031:WARNING:pe_image_reader.cc(280)] could not read dos header from C:\Program Files (x86)\Google\Chrome\Application\51.0.2704.103\chrome_child.dll
[0712/212031:ERROR:process_reader_win.cc(232)] ReadMemory at 0x70f40000 of 64 bytes failed: Only part of a ReadProcessMemory or WriteProcessMemory request was completed. (0x12B)
[0712/212031:WARNING:pe_image_reader.cc(280)] could not read dos header from C:\Windows\SYSTEM32\dwrite.dll
[0712/212031:ERROR:process_reader_win.cc(232)] ReadMemory at 0x126c374 of 12 bytes failed: Only part of a ReadProcessMemory or WriteProcessMemory request was completed. (0x12B)
[0712/212031:WARNING:process_snapshot_win.cc(102)] ReadMemory ExceptionInformation failed
[0712/212031:WARNING:crash_report_exception_handler.cc(60)] ProcessSnapshotWin::InitializeException failed
[0712/212031:ERROR:scoped_process_suspend.cc(38)] NtResumeProcess, ntstatus=-1073741558
